   1               		.file	"drive.c"
   2               		.arch atmega168
   3               	__SREG__ = 0x3f
   4               	__SP_H__ = 0x3e
   5               	__SP_L__ = 0x3d
   6               	__tmp_reg__ = 0
   7               	__zero_reg__ = 1
   8               		.global __do_copy_data
   9               		.global __do_clear_bss
  17               	.Ltext0:
  18               	.global	angle
  19               	.global	angle
  20               		.section .bss
  23               	angle:
  24 0000 0000      		.skip 2,0
  25               	.global	distance
  26               	.global	distance
  29               	distance:
  30 0002 0000      		.skip 2,0
  31               	.global	sensors_index
  32               	.global	sensors_index
  35               	sensors_index:
  36 0004 00        		.skip 1,0
  37               	.global	sensors_flag
  38               	.global	sensors_flag
  41               	sensors_flag:
  42 0005 00        		.skip 1,0
  43               	.global	timer_on
  44               	.global	timer_on
  47               	timer_on:
  48 0006 00        		.skip 1,0
  49               	.global	timer_cnt
  50               	.global	timer_cnt
  53               	timer_cnt:
  54 0007 0000      		.skip 2,0
  55               		.text
  56               	.global	initialize
  58               	initialize:
  59               	.LFB10:
  60               	.LM1:
  61               	/* prologue: frame size=0 */
  62               	/* prologue end (size=0) */
  63               	.LM2:
  64               	/* #APP */
  65 0000 F894      		cli
  66               	.LM3:
  67               	/* #NOAPP */
  68 0002 80E1      		ldi r24,lo8(16)
  69 0004 84B9      		out 36-0x20,r24
  70               	.LM4:
  71 0006 8FEC      		ldi r24,lo8(-49)
  72 0008 85B9      		out 37-0x20,r24
  73               	.LM5:
  74 000a 17B8      		out 39-0x20,__zero_reg__
  75               	.LM6:
  76 000c 8FEF      		ldi r24,lo8(-1)
  77 000e 88B9      		out 40-0x20,r24
  78               	.LM7:
  79 0010 86EE      		ldi r24,lo8(-26)
  80 0012 8AB9      		out 42-0x20,r24
  81               	.LM8:
  82 0014 8DE7      		ldi r24,lo8(125)
  83 0016 8BB9      		out 43-0x20,r24
  84               	.LM9:
  85 0018 1092 8000 		sts 128,__zero_reg__
  86               	.LM10:
  87 001c 8CE0      		ldi r24,lo8(12)
  88 001e 8093 8100 		sts 129,r24
  89               	.LM11:
  90 0022 87E4      		ldi r24,lo8(71)
  91 0024 90E0      		ldi r25,hi8(71)
  92 0026 9093 8900 		sts (136)+1,r25
  93 002a 8093 8800 		sts 136,r24
  94               	.LM12:
  95 002e 82E0      		ldi r24,lo8(2)
  96 0030 8093 6F00 		sts 111,r24
  97               	.LM13:
  98 0034 83E1      		ldi r24,lo8(19)
  99 0036 90E0      		ldi r25,hi8(19)
 100 0038 9093 C500 		sts (196)+1,r25
 101 003c 8093 C400 		sts 196,r24
 102               	.LM14:
 103 0040 88E9      		ldi r24,lo8(-104)
 104 0042 8093 C100 		sts 193,r24
 105               	.LM15:
 106 0046 86E0      		ldi r24,lo8(6)
 107 0048 8093 C200 		sts 194,r24
 108               	.LM16:
 109               	/* #APP */
 110 004c 7894      		sei
 111               	/* #NOAPP */
 112               	/* epilogue: frame size=0 */
 113 004e 0895      		ret
 114               	/* epilogue end (size=1) */
 115               	/* function initialize size 42 (41) */
 116               	.LFE10:
 118               	.global	byteTx
 120               	byteTx:
 121               	.LFB7:
 122               	.LM17:
 123               	/* prologue: frame size=0 */
 124               	/* prologue end (size=0) */
 125 0050 982F      		mov r25,r24
 126               	.L3:
 127               	.LM18:
 128 0052 8091 C000 		lds r24,192
 129 0056 85FF      		sbrs r24,5
 130 0058 FCCF      		rjmp .L3
 131               	.LM19:
 132 005a 9093 C600 		sts 198,r25
 133               	/* epilogue: frame size=0 */
 134 005e 0895      		ret
 135               	/* epilogue end (size=1) */
 136               	/* function byteTx size 8 (7) */
 137               	.LFE7:
 139               	.global	defineSongs
 141               	defineSongs:
 142               	.LFB15:
 143               	.LM20:
 144               	/* prologue: frame size=0 */
 145               	/* prologue end (size=0) */
 146               	.LM21:
 147 0060 8CE8      		ldi r24,lo8(-116)
 148 0062 0E94 0000 		call byteTx
 149               	.LM22:
 150 0066 80E0      		ldi r24,lo8(0)
 151 0068 0E94 0000 		call byteTx
 152               	.LM23:
 153 006c 84E0      		ldi r24,lo8(4)
 154 006e 0E94 0000 		call byteTx
 155               	.LM24:
 156 0072 8CE3      		ldi r24,lo8(60)
 157 0074 0E94 0000 		call byteTx
 158               	.LM25:
 159 0078 86E0      		ldi r24,lo8(6)
 160 007a 0E94 0000 		call byteTx
 161               	.LM26:
 162 007e 88E4      		ldi r24,lo8(72)
 163 0080 0E94 0000 		call byteTx
 164               	.LM27:
 165 0084 86E0      		ldi r24,lo8(6)
 166 0086 0E94 0000 		call byteTx
 167               	.LM28:
 168 008a 84E5      		ldi r24,lo8(84)
 169 008c 0E94 0000 		call byteTx
 170               	.LM29:
 171 0090 86E0      		ldi r24,lo8(6)
 172 0092 0E94 0000 		call byteTx
 173               	.LM30:
 174 0096 80E6      		ldi r24,lo8(96)
 175 0098 0E94 0000 		call byteTx
 176               	.LM31:
 177 009c 86E0      		ldi r24,lo8(6)
 178 009e 0E94 0000 		call byteTx
 179               	.LM32:
 180 00a2 8CE8      		ldi r24,lo8(-116)
 181 00a4 0E94 0000 		call byteTx
 182               	.LM33:
 183 00a8 81E0      		ldi r24,lo8(1)
 184 00aa 0E94 0000 		call byteTx
 185               	.LM34:
 186 00ae 86E0      		ldi r24,lo8(6)
 187 00b0 0E94 0000 		call byteTx
 188               	.LM35:
 189 00b4 85E4      		ldi r24,lo8(69)
 190 00b6 0E94 0000 		call byteTx
 191               	.LM36:
 192 00ba 82E1      		ldi r24,lo8(18)
 193 00bc 0E94 0000 		call byteTx
 194               	.LM37:
 195 00c0 88E4      		ldi r24,lo8(72)
 196 00c2 0E94 0000 		call byteTx
 197               	.LM38:
 198 00c6 8CE0      		ldi r24,lo8(12)
 199 00c8 0E94 0000 		call byteTx
 200               	.LM39:
 201 00cc 8AE4      		ldi r24,lo8(74)
 202 00ce 0E94 0000 		call byteTx
 203               	.LM40:
 204 00d2 8CE0      		ldi r24,lo8(12)
 205 00d4 0E94 0000 		call byteTx
 206               	.LM41:
 207 00d8 88E4      		ldi r24,lo8(72)
 208 00da 0E94 0000 		call byteTx
 209               	.LM42:
 210 00de 8CE0      		ldi r24,lo8(12)
 211 00e0 0E94 0000 		call byteTx
 212               	.LM43:
 213 00e4 85E4      		ldi r24,lo8(69)
 214 00e6 0E94 0000 		call byteTx
 215               	.LM44:
 216 00ea 8CE0      		ldi r24,lo8(12)
 217 00ec 0E94 0000 		call byteTx
 218               	.LM45:
 219 00f0 8DE4      		ldi r24,lo8(77)
 220 00f2 0E94 0000 		call byteTx
 221               	.LM46:
 222 00f6 88E1      		ldi r24,lo8(24)
 223 00f8 0E94 0000 		call byteTx
 224               	.LM47:
 225 00fc 8CE8      		ldi r24,lo8(-116)
 226 00fe 0E94 0000 		call byteTx
 227               	.LM48:
 228 0102 82E0      		ldi r24,lo8(2)
 229 0104 0E94 0000 		call byteTx
 230               	.LM49:
 231 0108 82E0      		ldi r24,lo8(2)
 232 010a 0E94 0000 		call byteTx
 233               	.LM50:
 234 010e 8AE4      		ldi r24,lo8(74)
 235 0110 0E94 0000 		call byteTx
 236               	.LM51:
 237 0114 8CE0      		ldi r24,lo8(12)
 238 0116 0E94 0000 		call byteTx
 239               	.LM52:
 240 011a 8BE3      		ldi r24,lo8(59)
 241 011c 0E94 0000 		call byteTx
 242               	.LM53:
 243 0120 88E1      		ldi r24,lo8(24)
 244 0122 0E94 0000 		call byteTx
 245               	.LM54:
 246 0126 8CE8      		ldi r24,lo8(-116)
 247 0128 0E94 0000 		call byteTx
 248               	.LM55:
 249 012c 83E0      		ldi r24,lo8(3)
 250 012e 0E94 0000 		call byteTx
 251               	.LM56:
 252 0132 85E0      		ldi r24,lo8(5)
 253 0134 0E94 0000 		call byteTx
 254               	.LM57:
 255 0138 8DE4      		ldi r24,lo8(77)
 256 013a 0E94 0000 		call byteTx
 257               	.LM58:
 258 013e 82E1      		ldi r24,lo8(18)
 259 0140 0E94 0000 		call byteTx
 260               	.LM59:
 261 0144 8AE4      		ldi r24,lo8(74)
 262 0146 0E94 0000 		call byteTx
 263               	.LM60:
 264 014a 8CE0      		ldi r24,lo8(12)
 265 014c 0E94 0000 		call byteTx
 266               	.LM61:
 267 0150 88E4      		ldi r24,lo8(72)
 268 0152 0E94 0000 		call byteTx
 269               	.LM62:
 270 0156 8CE0      		ldi r24,lo8(12)
 271 0158 0E94 0000 		call byteTx
 272               	.LM63:
 273 015c 85E4      		ldi r24,lo8(69)
 274 015e 0E94 0000 		call byteTx
 275               	.LM64:
 276 0162 8CE0      		ldi r24,lo8(12)
 277 0164 0E94 0000 		call byteTx
 278               	.LM65:
 279 0168 81E4      		ldi r24,lo8(65)
 280 016a 0E94 0000 		call byteTx
 281               	.LM66:
 282 016e 88E1      		ldi r24,lo8(24)
 283 0170 0E94 0000 		call byteTx
 284               	/* epilogue: frame size=0 */
 285 0174 0895      		ret
 286               	/* epilogue end (size=1) */
 287               	/* function defineSongs size 139 (138) */
 288               	.LFE15:
 290               	.global	drive
 292               	drive:
 293               	.LFB13:
 294               	.LM67:
 295               	/* prologue: frame size=0 */
 296 0176 EF92      		push r14
 297 0178 FF92      		push r15
 298 017a 0F93      		push r16
 299 017c 1F93      		push r17
 300               	/* prologue end (size=4) */
 301 017e 8C01      		movw r16,r24
 302 0180 7B01      		movw r14,r22
 303               	.LM68:
 304 0182 89E8      		ldi r24,lo8(-119)
 305 0184 0E94 0000 		call byteTx
 306               	.LM69:
 307 0188 812F      		mov r24,r17
 308 018a 9927      		clr r25
 309 018c 87FD      		sbrc r24,7
 310 018e 9A95      		dec r25
 311 0190 0E94 0000 		call byteTx
 312               	.LM70:
 313 0194 802F      		mov r24,r16
 314 0196 0E94 0000 		call byteTx
 315               	.LM71:
 316 019a 8F2D      		mov r24,r15
 317 019c 9927      		clr r25
 318 019e 87FD      		sbrc r24,7
 319 01a0 9A95      		dec r25
 320 01a2 0E94 0000 		call byteTx
 321               	.LM72:
 322 01a6 8E2D      		mov r24,r14
 323 01a8 0E94 0000 		call byteTx
 324               	/* epilogue: frame size=0 */
 325 01ac 1F91      		pop r17
 326 01ae 0F91      		pop r16
 327 01b0 FF90      		pop r15
 328 01b2 EF90      		pop r14
 329 01b4 0895      		ret
 330               	/* epilogue end (size=5) */
 331               	/* function drive size 32 (23) */
 332               	.LFE13:
 334               	.global	delayAndUpdateSensors
 336               	delayAndUpdateSensors:
 337               	.LFB9:
 338               	.LM73:
 339               	/* prologue: frame size=0 */
 340               	/* prologue end (size=0) */
 341               	.LM74:
 342 01b6 21E0      		ldi r18,lo8(1)
 343 01b8 2093 0000 		sts timer_on,r18
 344               	.LM75:
 345 01bc 9093 0000 		sts (timer_cnt)+1,r25
 346 01c0 8093 0000 		sts timer_cnt,r24
 347               	.L22:
 348               	.LM76:
 349 01c4 8091 0000 		lds r24,timer_on
 350 01c8 8823      		tst r24
 351 01ca 09F4      		brne .+2
 352 01cc 42C0      		rjmp .L18
 353               	.LM77:
 354 01ce 8091 0000 		lds r24,sensors_flag
 355 01d2 8823      		tst r24
 356 01d4 B9F7      		brne .L22
 357 01d6 A0E0      		ldi r26,lo8(sensors_in)
 358 01d8 B0E0      		ldi r27,hi8(sensors_in)
 359 01da E0E0      		ldi r30,lo8(sensors)
 360 01dc F0E0      		ldi r31,hi8(sensors)
 361 01de 93E3      		ldi r25,lo8(51)
 362               	.L15:
 363               	.LM78:
 364 01e0 8D91      		ld r24,X+
 365 01e2 8193      		st Z+,r24
 366               	.LM79:
 367 01e4 9150      		subi r25,lo8(-(-1))
 368 01e6 97FF      		sbrs r25,7
 369 01e8 FBCF      		rjmp .L15
 370               	.LM80:
 371 01ea 8091 0000 		lds r24,sensors+12
 372 01ee 9927      		clr r25
 373 01f0 382F      		mov r19,r24
 374 01f2 2227      		clr r18
 375 01f4 8091 0000 		lds r24,sensors+13
 376 01f8 9927      		clr r25
 377 01fa 282B      		or r18,r24
 378 01fc 392B      		or r19,r25
 379 01fe 8091 0000 		lds r24,distance
 380 0202 9091 0000 		lds r25,(distance)+1
 381 0206 820F      		add r24,r18
 382 0208 931F      		adc r25,r19
 383 020a 9093 0000 		sts (distance)+1,r25
 384 020e 8093 0000 		sts distance,r24
 385               	.LM81:
 386 0212 8091 0000 		lds r24,sensors+14
 387 0216 9927      		clr r25
 388 0218 382F      		mov r19,r24
 389 021a 2227      		clr r18
 390 021c 8091 0000 		lds r24,sensors+15
 391 0220 9927      		clr r25
 392 0222 282B      		or r18,r24
 393 0224 392B      		or r19,r25
 394 0226 8091 0000 		lds r24,angle
 395 022a 9091 0000 		lds r25,(angle)+1
 396 022e 820F      		add r24,r18
 397 0230 931F      		adc r25,r19
 398 0232 9093 0000 		sts (angle)+1,r25
 399 0236 8093 0000 		sts angle,r24
 400               	.LM82:
 401 023a 8EE8      		ldi r24,lo8(-114)
 402 023c 0E94 0000 		call byteTx
 403               	.LM83:
 404 0240 86E0      		ldi r24,lo8(6)
 405 0242 0E94 0000 		call byteTx
 406               	.LM84:
 407 0246 1092 0000 		sts sensors_index,__zero_reg__
 408               	.LM85:
 409 024a 81E0      		ldi r24,lo8(1)
 410 024c 8093 0000 		sts sensors_flag,r24
 411 0250 B9CF      		rjmp .L22
 412               	.L18:
 413 0252 0895      		ret
 414               	/* epilogue: frame size=0 */
 415               	/* epilogue: noreturn */
 416               	/* epilogue end (size=0) */
 417               	/* function delayAndUpdateSensors size 79 (79) */
 418               	.LFE9:
 420               	.global	__vector_18
 422               	__vector_18:
 423               	.LFB5:
 424               	.LM86:
 425               	/* prologue: frame size=0 */
 426 0254 1F92      		push __zero_reg__
 427 0256 0F92      		push __tmp_reg__
 428 0258 0FB6      		in __tmp_reg__,__SREG__
 429 025a 0F92      		push __tmp_reg__
 430 025c 1124      		clr __zero_reg__
 431 025e 8F93      		push r24
 432 0260 9F93      		push r25
 433 0262 EF93      		push r30
 434 0264 FF93      		push r31
 435               	/* prologue end (size=9) */
 436               	.LM87:
 437 0266 9091 C600 		lds r25,198
 438               	.LM88:
 439 026a 8091 0000 		lds r24,sensors_flag
 440 026e 8823      		tst r24
 441 0270 81F0      		breq .L23
 442               	.LM89:
 443 0272 8091 0000 		lds r24,sensors_index
 444 0276 E82F      		mov r30,r24
 445 0278 FF27      		clr r31
 446 027a E050      		subi r30,lo8(-(sensors_in))
 447 027c F040      		sbci r31,hi8(-(sensors_in))
 448 027e 9083      		st Z,r25
 449 0280 8F5F      		subi r24,lo8(-(1))
 450 0282 8093 0000 		sts sensors_index,r24
 451               	.LM90:
 452 0286 8091 0000 		lds r24,sensors_index
 453 028a 8433      		cpi r24,lo8(52)
 454 028c 10F0      		brlo .L23
 455               	.LM91:
 456 028e 1092 0000 		sts sensors_flag,__zero_reg__
 457               	.L23:
 458               	/* epilogue: frame size=0 */
 459 0292 FF91      		pop r31
 460 0294 EF91      		pop r30
 461 0296 9F91      		pop r25
 462 0298 8F91      		pop r24
 463 029a 0F90      		pop __tmp_reg__
 464 029c 0FBE      		out __SREG__,__tmp_reg__
 465 029e 0F90      		pop __tmp_reg__
 466 02a0 1F90      		pop __zero_reg__
 467 02a2 1895      		reti
 468               	/* epilogue end (size=9) */
 469               	/* function __vector_18 size 40 (22) */
 470               	.LFE5:
 472               	.global	__vector_11
 474               	__vector_11:
 475               	.LFB6:
 476               	.LM92:
 477               	/* prologue: frame size=0 */
 478 02a4 1F92      		push __zero_reg__
 479 02a6 0F92      		push __tmp_reg__
 480 02a8 0FB6      		in __tmp_reg__,__SREG__
 481 02aa 0F92      		push __tmp_reg__
 482 02ac 1124      		clr __zero_reg__
 483 02ae 8F93      		push r24
 484 02b0 9F93      		push r25
 485               	/* prologue end (size=7) */
 486               	.LM93:
 487 02b2 8091 0000 		lds r24,timer_cnt
 488 02b6 9091 0000 		lds r25,(timer_cnt)+1
 489 02ba 892B      		or r24,r25
 490 02bc 51F0      		breq .L27
 491               	.LM94:
 492 02be 8091 0000 		lds r24,timer_cnt
 493 02c2 9091 0000 		lds r25,(timer_cnt)+1
 494 02c6 0197      		sbiw r24,1
 495 02c8 9093 0000 		sts (timer_cnt)+1,r25
 496 02cc 8093 0000 		sts timer_cnt,r24
 497 02d0 02C0      		rjmp .L26
 498               	.L27:
 499               	.LM95:
 500 02d2 1092 0000 		sts timer_on,__zero_reg__
 501               	.L26:
 502               	/* epilogue: frame size=0 */
 503 02d6 9F91      		pop r25
 504 02d8 8F91      		pop r24
 505 02da 0F90      		pop __tmp_reg__
 506 02dc 0FBE      		out __SREG__,__tmp_reg__
 507 02de 0F90      		pop __tmp_reg__
 508 02e0 1F90      		pop __zero_reg__
 509 02e2 1895      		reti
 510               	/* epilogue end (size=7) */
 511               	/* function __vector_11 size 32 (18) */
 512               	.LFE6:
 514               	.global	delayMs
 516               	delayMs:
 517               	.LFB8:
 518               	.LM96:
 519               	/* prologue: frame size=0 */
 520               	/* prologue end (size=0) */
 521 02e4 9C01      		movw r18,r24
 522               	.LM97:
 523 02e6 81E0      		ldi r24,lo8(1)
 524 02e8 8093 0000 		sts timer_on,r24
 525               	.LM98:
 526 02ec 3093 0000 		sts (timer_cnt)+1,r19
 527 02f0 2093 0000 		sts timer_cnt,r18
 528               	.L30:
 529               	.LM99:
 530 02f4 8091 0000 		lds r24,timer_on
 531 02f8 8823      		tst r24
 532 02fa E1F7      		brne .L30
 533               	/* epilogue: frame size=0 */
 534 02fc 0895      		ret
 535               	/* epilogue end (size=1) */
 536               	/* function delayMs size 13 (12) */
 537               	.LFE8:
 539               	.global	baud
 541               	baud:
 542               	.LFB12:
 543               	.LM100:
 544               	/* prologue: frame size=0 */
 545 02fe CF93      		push r28
 546               	/* prologue end (size=1) */
 547 0300 C82F      		mov r28,r24
 548               	.LM101:
 549 0302 8C30      		cpi r24,lo8(12)
 550 0304 08F0      		brlo .+2
 551 0306 54C0      		rjmp .L33
 552               	.LM102:
 553 0308 81E8      		ldi r24,lo8(-127)
 554 030a 0E94 0000 		call byteTx
 555               	.LM103:
 556 030e 8091 C000 		lds r24,192
 557 0312 8064      		ori r24,lo8(64)
 558 0314 8093 C000 		sts 192,r24
 559               	.LM104:
 560 0318 8C2F      		mov r24,r28
 561 031a 0E94 0000 		call byteTx
 562               	.L35:
 563               	.LM105:
 564 031e 8091 C000 		lds r24,192
 565 0322 86FF      		sbrs r24,6
 566 0324 FCCF      		rjmp .L35
 567               	.LM106:
 568               	/* #APP */
 569 0326 F894      		cli
 570               	.LM107:
 571               	/* #NOAPP */
 572 0328 CB30      		cpi r28,lo8(11)
 573 032a 19F4      		brne .L38
 574               	.LM108:
 575 032c 89E0      		ldi r24,lo8(9)
 576 032e 90E0      		ldi r25,hi8(9)
 577 0330 36C0      		rjmp .L61
 578               	.L38:
 579               	.LM109:
 580 0332 CA30      		cpi r28,lo8(10)
 581 0334 19F4      		brne .L40
 582               	.LM110:
 583 0336 83E1      		ldi r24,lo8(19)
 584 0338 90E0      		ldi r25,hi8(19)
 585 033a 31C0      		rjmp .L61
 586               	.L40:
 587               	.LM111:
 588 033c C930      		cpi r28,lo8(9)
 589 033e 19F4      		brne .L42
 590               	.LM112:
 591 0340 8DE1      		ldi r24,lo8(29)
 592 0342 90E0      		ldi r25,hi8(29)
 593 0344 2CC0      		rjmp .L61
 594               	.L42:
 595               	.LM113:
 596 0346 C830      		cpi r28,lo8(8)
 597 0348 19F4      		brne .L44
 598               	.LM114:
 599 034a 87E2      		ldi r24,lo8(39)
 600 034c 90E0      		ldi r25,hi8(39)
 601 034e 27C0      		rjmp .L61
 602               	.L44:
 603               	.LM115:
 604 0350 C730      		cpi r28,lo8(7)
 605 0352 19F4      		brne .L46
 606               	.LM116:
 607 0354 8BE3      		ldi r24,lo8(59)
 608 0356 90E0      		ldi r25,hi8(59)
 609 0358 22C0      		rjmp .L61
 610               	.L46:
 611               	.LM117:
 612 035a C630      		cpi r28,lo8(6)
 613 035c 19F4      		brne .L48
 614               	.LM118:
 615 035e 8FE4      		ldi r24,lo8(79)
 616 0360 90E0      		ldi r25,hi8(79)
 617 0362 1DC0      		rjmp .L61
 618               	.L48:
 619               	.LM119:
 620 0364 C530      		cpi r28,lo8(5)
 621 0366 19F4      		brne .L50
 622               	.LM120:
 623 0368 87E7      		ldi r24,lo8(119)
 624 036a 90E0      		ldi r25,hi8(119)
 625 036c 18C0      		rjmp .L61
 626               	.L50:
 627               	.LM121:
 628 036e C430      		cpi r28,lo8(4)
 629 0370 19F4      		brne .L52
 630               	.LM122:
 631 0372 8FEE      		ldi r24,lo8(239)
 632 0374 90E0      		ldi r25,hi8(239)
 633 0376 13C0      		rjmp .L61
 634               	.L52:
 635               	.LM123:
 636 0378 C330      		cpi r28,lo8(3)
 637 037a 19F4      		brne .L54
 638               	.LM124:
 639 037c 8FED      		ldi r24,lo8(479)
 640 037e 91E0      		ldi r25,hi8(479)
 641 0380 0EC0      		rjmp .L61
 642               	.L54:
 643               	.LM125:
 644 0382 C230      		cpi r28,lo8(2)
 645 0384 19F4      		brne .L56
 646               	.LM126:
 647 0386 8FEB      		ldi r24,lo8(959)
 648 0388 93E0      		ldi r25,hi8(959)
 649 038a 09C0      		rjmp .L61
 650               	.L56:
 651               	.LM127:
 652 038c C130      		cpi r28,lo8(1)
 653 038e 19F4      		brne .L58
 654               	.LM128:
 655 0390 8FE7      		ldi r24,lo8(1919)
 656 0392 97E0      		ldi r25,hi8(1919)
 657 0394 04C0      		rjmp .L61
 658               	.L58:
 659               	.LM129:
 660 0396 CC23      		tst r28
 661 0398 31F4      		brne .L39
 662               	.LM130:
 663 039a 8FEF      		ldi r24,lo8(3839)
 664 039c 9EE0      		ldi r25,hi8(3839)
 665               	.L61:
 666 039e 9093 C500 		sts (196)+1,r25
 667 03a2 8093 C400 		sts 196,r24
 668               	.L39:
 669               	.LM131:
 670               	/* #APP */
 671 03a6 7894      		sei
 672               	.LM132:
 673               	/* #NOAPP */
 674 03a8 84E6      		ldi r24,lo8(100)
 675 03aa 90E0      		ldi r25,hi8(100)
 676 03ac 0E94 0000 		call delayMs
 677               	.L33:
 678               	/* epilogue: frame size=0 */
 679 03b0 CF91      		pop r28
 680 03b2 0895      		ret
 681               	/* epilogue end (size=2) */
 682               	/* function baud size 93 (90) */
 683               	.LFE12:
 685               	.global	powerOnRobot
 687               	powerOnRobot:
 688               	.LFB11:
 689               	.LM133:
 690               	/* prologue: frame size=0 */
 691               	/* prologue end (size=0) */
 692               	.LM134:
 693 03b4 1D99      		sbic 35-0x20,5
 694 03b6 13C0      		rjmp .L62
 695               	.LM135:
 696 03b8 1D99      		sbic 35-0x20,5
 697 03ba 0DC0      		rjmp .L68
 698               	.L66:
 699               	.LM136:
 700 03bc 5F98      		cbi 43-0x20,7
 701               	.LM137:
 702 03be 84EF      		ldi r24,lo8(500)
 703 03c0 91E0      		ldi r25,hi8(500)
 704 03c2 0E94 0000 		call delayMs
 705               	.LM138:
 706 03c6 5F9A      		sbi 43-0x20,7
 707               	.LM139:
 708 03c8 84E6      		ldi r24,lo8(100)
 709 03ca 90E0      		ldi r25,hi8(100)
 710 03cc 0E94 0000 		call delayMs
 711               	.LM140:
 712 03d0 5F98      		cbi 43-0x20,7
 713 03d2 1D9B      		sbis 35-0x20,5
 714 03d4 F3CF      		rjmp .L66
 715               	.L68:
 716               	.LM141:
 717 03d6 8CEA      		ldi r24,lo8(3500)
 718 03d8 9DE0      		ldi r25,hi8(3500)
 719 03da 0E94 0000 		call delayMs
 720               	.L62:
 721 03de 0895      		ret
 722               	/* epilogue: frame size=0 */
 723               	/* epilogue: noreturn */
 724               	/* epilogue end (size=0) */
 725               	/* function powerOnRobot size 22 (22) */
 726               	.LFE11:
 728               	.global	main
 730               	main:
 731               	.LFB4:
 732               	.LM142:
 733               	/* prologue: frame size=0 */
 734 03e0 C0E0      		ldi r28,lo8(__stack - 0)
 735 03e2 D0E0      		ldi r29,hi8(__stack - 0)
 736 03e4 DEBF      		out __SP_H__,r29
 737 03e6 CDBF      		out __SP_L__,r28
 738               	/* prologue end (size=4) */
 739               	.LM143:
 740 03e8 13E6      		ldi r17,lo8(99)
 741               	.LM144:
 742 03ea C0E0      		ldi r28,lo8(0)
 743               	.LM145:
 744 03ec E1E0      		ldi r30,lo8(1)
 745 03ee DE2E      		mov r13,r30
 746               	.LM146:
 747 03f0 EE24      		clr r14
 748 03f2 FF24      		clr r15
 749               	.LM147:
 750 03f4 0D2D      		mov r16,r13
 751               	.LM148:
 752 03f6 CC2E      		mov r12,r28
 753               	.LM149:
 754 03f8 BC2E      		mov r11,r28
 755               	.LM150:
 756 03fa AD2C      		mov r10,r13
 757               	.LM151:
 758 03fc 0E94 0000 		call initialize
 759               	.LM152:
 760 0400 8BB1      		in r24,43-0x20
 761 0402 8066      		ori r24,lo8(96)
 762 0404 8BB9      		out 43-0x20,r24
 763               	.LM153:
 764 0406 0E94 0000 		call powerOnRobot
 765               	.LM154:
 766 040a 80E8      		ldi r24,lo8(-128)
 767 040c 0E94 0000 		call byteTx
 768               	.LM155:
 769 0410 88E0      		ldi r24,lo8(8)
 770 0412 0E94 0000 		call baud
 771               	.LM156:
 772 0416 0E94 0000 		call defineSongs
 773               	.LM157:
 774 041a 82E8      		ldi r24,lo8(-126)
 775 041c 0E94 0000 		call byteTx
 776               	.LM158:
 777 0420 84E8      		ldi r24,lo8(-124)
 778 0422 0E94 0000 		call byteTx
 779               	.LM159:
 780 0426 60E0      		ldi r22,lo8(-32768)
 781 0428 70E8      		ldi r23,hi8(-32768)
 782 042a C701      		movw r24,r14
 783 042c 0E94 0000 		call drive
 784               	.LM160:
 785 0430 8DE8      		ldi r24,lo8(-115)
 786 0432 0E94 0000 		call byteTx
 787               	.LM161:
 788 0436 8C2F      		mov r24,r28
 789 0438 0E94 0000 		call byteTx
 790               	.LM162:
 791 043c 8EEE      		ldi r24,lo8(750)
 792 043e 92E0      		ldi r25,hi8(750)
 793               	.L121:
 794               	.LM163:
 795 0440 0E94 0000 		call delayAndUpdateSensors
 796               	.L120:
 797               	.LM164:
 798 0444 1F5F      		subi r17,lo8(-(1))
 799 0446 1436      		cpi r17,lo8(100)
 800 0448 30F1      		brlo .L72
 801               	.LM165:
 802 044a 10E0      		ldi r17,lo8(0)
 803               	.LM166:
 804 044c 812F      		mov r24,r17
 805 044e DD20      		tst r13
 806 0450 09F4      		brne .L73
 807 0452 81E0      		ldi r24,lo8(1)
 808               	.L73:
 809 0454 D82E      		mov r13,r24
 810               	.LM167:
 811 0456 8823      		tst r24
 812 0458 79F0      		breq .L74
 813               	.LM168:
 814 045a 8BE8      		ldi r24,lo8(-117)
 815 045c 0E94 0000 		call byteTx
 816               	.LM169:
 817 0460 8AE0      		ldi r24,lo8(10)
 818 0462 0E94 0000 		call byteTx
 819               	.LM170:
 820 0466 80E8      		ldi r24,lo8(-128)
 821 0468 0E94 0000 		call byteTx
 822               	.LM171:
 823 046c 8FEF      		ldi r24,lo8(-1)
 824 046e 0E94 0000 		call byteTx
 825               	.LM172:
 826 0472 8BB1      		in r24,43-0x20
 827 0474 8066      		ori r24,lo8(96)
 828 0476 0EC0      		rjmp .L122
 829               	.L74:
 830               	.LM173:
 831 0478 8BE8      		ldi r24,lo8(-117)
 832 047a 0E94 0000 		call byteTx
 833               	.LM174:
 834 047e 812F      		mov r24,r17
 835 0480 0E94 0000 		call byteTx
 836               	.LM175:
 837 0484 812F      		mov r24,r17
 838 0486 0E94 0000 		call byteTx
 839               	.LM176:
 840 048a 812F      		mov r24,r17
 841 048c 0E94 0000 		call byteTx
 842               	.LM177:
 843 0490 8BB1      		in r24,43-0x20
 844 0492 8F79      		andi r24,lo8(-97)
 845               	.L122:
 846 0494 8BB9      		out 43-0x20,r24
 847               	.L72:
 848               	.LM178:
 849 0496 8AE0      		ldi r24,lo8(10)
 850 0498 90E0      		ldi r25,hi8(10)
 851 049a 0E94 0000 		call delayAndUpdateSensors
 852               	.LM179:
 853 049e 4C99      		sbic 41-0x20,4
 854 04a0 D1CF      		rjmp .L120
 855               	.LM180:
 856 04a2 8DE8      		ldi r24,lo8(-115)
 857 04a4 0E94 0000 		call byteTx
 858               	.LM181:
 859 04a8 81E0      		ldi r24,lo8(1)
 860 04aa 0E94 0000 		call byteTx
 861               	.LM182:
 862 04ae 8DEF      		ldi r24,lo8(2813)
 863 04b0 9AE0      		ldi r25,hi8(2813)
 864 04b2 E0C0      		rjmp .L126
 865               	.L115:
 866               	.LM183:
 867 04b4 CC20      		tst r12
 868 04b6 91F1      		breq .L79
 869               	.LM184:
 870 04b8 BB20      		tst r11
 871 04ba 99F0      		breq .L80
 872               	.LM185:
 873 04bc 8091 0000 		lds r24,distance
 874 04c0 9091 0000 		lds r25,(distance)+1
 875 04c4 9095      		com r25
 876 04c6 8195      		neg r24
 877 04c8 9F4F      		sbci r25,lo8(-1)
 878 04ca 0697      		sbiw r24,6
 879 04cc 2CF0      		brlt .L81
 880               	.LM186:
 881 04ce B22E      		mov r11,r18
 882               	.LM187:
 883 04d0 1092 0000 		sts (distance)+1,__zero_reg__
 884 04d4 1092 0000 		sts distance,__zero_reg__
 885               	.L81:
 886               	.LM188:
 887 04d8 60E0      		ldi r22,lo8(-32768)
 888 04da 70E8      		ldi r23,hi8(-32768)
 889 04dc 88E3      		ldi r24,lo8(-200)
 890 04de 9FEF      		ldi r25,hi8(-200)
 891 04e0 6CC0      		rjmp .L123
 892               	.L80:
 893               	.LM189:
 894 04e2 0023      		tst r16
 895 04e4 59F0      		breq .L83
 896               	.LM190:
 897 04e6 8091 0000 		lds r24,angle
 898 04ea 9091 0000 		lds r25,(angle)+1
 899 04ee E816      		cp r14,r24
 900 04f0 F906      		cpc r15,r25
 901 04f2 0CF4      		brge .L84
 902               	.LM191:
 903 04f4 CB2C      		mov r12,r11
 904               	.L84:
 905               	.LM192:
 906 04f6 61E0      		ldi r22,lo8(1)
 907 04f8 70E0      		ldi r23,hi8(1)
 908 04fa 0DC0      		rjmp .L127
 909               	.L83:
 910               	.LM193:
 911 04fc 8091 0000 		lds r24,angle
 912 0500 9091 0000 		lds r25,(angle)+1
 913 0504 9095      		com r25
 914 0506 8195      		neg r24
 915 0508 9F4F      		sbci r25,lo8(-1)
 916 050a E816      		cp r14,r24
 917 050c F906      		cpc r15,r25
 918 050e 0CF4      		brge .L86
 919               	.LM194:
 920 0510 CB2C      		mov r12,r11
 921               	.L86:
 922               	.LM195:
 923 0512 6FEF      		ldi r22,lo8(-1)
 924 0514 7FEF      		ldi r23,hi8(-1)
 925               	.L127:
 926 0516 88EC      		ldi r24,lo8(200)
 927 0518 90E0      		ldi r25,hi8(200)
 928 051a 4FC0      		rjmp .L123
 929               	.L79:
 930               	.LM196:
 931 051c 80E0      		ldi r24,lo8(0)
 932 051e 90E0      		ldi r25,hi8(0)
 933 0520 AA20      		tst r10
 934 0522 11F4      		brne .L89
 935 0524 81E0      		ldi r24,lo8(1)
 936 0526 90E0      		ldi r25,hi8(1)
 937               	.L89:
 938 0528 8170      		andi r24,lo8(1)
 939 052a 9070      		andi r25,hi8(1)
 940 052c 892B      		or r24,r25
 941 052e E9F0      		breq .L88
 942               	.LM197:
 943 0530 8091 0000 		lds r24,distance
 944 0534 9091 0000 		lds r25,(distance)+1
 945 0538 4597      		sbiw r24,21
 946 053a A4F0      		brlt .L91
 947               	.LM198:
 948 053c 8C2D      		mov r24,r12
 949 053e 0023      		tst r16
 950 0540 09F4      		brne .L92
 951 0542 81E0      		ldi r24,lo8(1)
 952               	.L92:
 953 0544 082F      		mov r16,r24
 954               	.LM199:
 955 0546 71E0      		ldi r23,lo8(1)
 956 0548 A72E      		mov r10,r23
 957               	.LM200:
 958 054a 1092 0000 		sts (distance)+1,__zero_reg__
 959 054e 1092 0000 		sts distance,__zero_reg__
 960               	.LM201:
 961 0552 1092 0000 		sts (angle)+1,__zero_reg__
 962 0556 1092 0000 		sts angle,__zero_reg__
 963               	.LM202:
 964 055a CA2C      		mov r12,r10
 965               	.LM203:
 966 055c 6AE5      		ldi r22,lo8(90)
 967 055e E62E      		mov r14,r22
 968 0560 F12C      		mov r15,__zero_reg__
 969 0562 2DC0      		rjmp .L87
 970               	.L91:
 971               	.LM204:
 972 0564 60E0      		ldi r22,lo8(-32768)
 973 0566 70E8      		ldi r23,hi8(-32768)
 974 0568 D6CF      		rjmp .L127
 975               	.L88:
 976               	.LM205:
 977 056a 8091 0000 		lds r24,sensors
 978 056e 9927      		clr r25
 979 0570 8370      		andi r24,lo8(3)
 980 0572 9070      		andi r25,hi8(3)
 981 0574 892B      		or r24,r25
 982 0576 E9F0      		breq .L95
 983               	.LM206:
 984 0578 8091 0000 		lds r24,sensors
 985 057c 81FF      		sbrs r24,1
 986 057e 02C0      		rjmp .L96
 987               	.LM207:
 988 0580 0C2D      		mov r16,r12
 989 0582 01C0      		rjmp .L97
 990               	.L96:
 991               	.LM208:
 992 0584 01E0      		ldi r16,lo8(1)
 993               	.L97:
 994               	.LM209:
 995 0586 51E0      		ldi r21,lo8(1)
 996 0588 C52E      		mov r12,r21
 997               	.LM210:
 998 058a BC2C      		mov r11,r12
 999               	.LM211:
 1000 058c 1092 0000 		sts (distance)+1,__zero_reg__
 1001 0590 1092 0000 		sts distance,__zero_reg__
 1002               	.LM212:
 1003 0594 1092 0000 		sts (angle)+1,__zero_reg__
 1004 0598 1092 0000 		sts angle,__zero_reg__
 1005               	.LM213:
 1006 059c 4AE5      		ldi r20,lo8(90)
 1007 059e E42E      		mov r14,r20
 1008 05a0 F12C      		mov r15,__zero_reg__
 1009               	.LM214:
 1010 05a2 AA24      		clr r10
 1011               	.LM215:
 1012 05a4 8DE8      		ldi r24,lo8(-115)
 1013 05a6 0E94 0000 		call byteTx
 1014               	.LM216:
 1015 05aa 82E0      		ldi r24,lo8(2)
 1016 05ac 0E94 0000 		call byteTx
 1017 05b0 06C0      		rjmp .L87
 1018               	.L95:
 1019               	.LM217:
 1020 05b2 60E0      		ldi r22,lo8(-32768)
 1021 05b4 70E8      		ldi r23,hi8(-32768)
 1022 05b6 8CE2      		ldi r24,lo8(300)
 1023 05b8 91E0      		ldi r25,hi8(300)
 1024               	.L123:
 1025 05ba 0E94 0000 		call drive
 1026               	.L87:
 1027               	.LM218:
 1028 05be 1F5F      		subi r17,lo8(-(1))
 1029 05c0 1A30      		cpi r17,lo8(10)
 1030 05c2 08F4      		brsh .+2
 1031 05c4 55C0      		rjmp .L99
 1032               	.LM219:
 1033 05c6 10E0      		ldi r17,lo8(0)
 1034               	.LM220:
 1035 05c8 CC20      		tst r12
 1036 05ca 31F0      		breq .L100
 1037               	.LM221:
 1038 05cc CC23      		tst r28
 1039 05ce 11F4      		brne .L101
 1040               	.LM222:
 1041 05d0 C4E0      		ldi r28,lo8(4)
 1042 05d2 40C0      		rjmp .L117
 1043               	.L101:
 1044               	.LM223:
 1045 05d4 C150      		subi r28,lo8(-(-1))
 1046 05d6 05C0      		rjmp .L103
 1047               	.L100:
 1048               	.LM224:
 1049 05d8 C430      		cpi r28,lo8(4)
 1050 05da 11F4      		brne .L104
 1051               	.LM225:
 1052 05dc CC2D      		mov r28,r12
 1053 05de 03C0      		rjmp .L116
 1054               	.L104:
 1055               	.LM226:
 1056 05e0 CF5F      		subi r28,lo8(-(1))
 1057               	.L103:
 1058               	.LM227:
 1059 05e2 CC23      		tst r28
 1060 05e4 59F4      		brne .L106
 1061               	.L116:
 1062               	.LM228:
 1063 05e6 8BE8      		ldi r24,lo8(-117)
 1064 05e8 0E94 0000 		call byteTx
 1065               	.LM229:
 1066 05ec 8C2F      		mov r24,r28
 1067 05ee 0E94 0000 		call byteTx
 1068               	.LM230:
 1069 05f2 80E8      		ldi r24,lo8(-128)
 1070 05f4 0E94 0000 		call byteTx
 1071               	.LM231:
 1072 05f8 8FEF      		ldi r24,lo8(-1)
 1073 05fa 13C0      		rjmp .L125
 1074               	.L106:
 1075               	.LM232:
 1076 05fc C130      		cpi r28,lo8(1)
 1077 05fe 29F4      		brne .L108
 1078               	.LM233:
 1079 0600 8BE8      		ldi r24,lo8(-117)
 1080 0602 0E94 0000 		call byteTx
 1081               	.LM234:
 1082 0606 82E0      		ldi r24,lo8(2)
 1083 0608 06C0      		rjmp .L124
 1084               	.L108:
 1085               	.LM235:
 1086 060a C230      		cpi r28,lo8(2)
 1087 060c 81F4      		brne .L110
 1088               	.LM236:
 1089 060e 8BE8      		ldi r24,lo8(-117)
 1090 0610 0E94 0000 		call byteTx
 1091               	.LM237:
 1092 0614 88E0      		ldi r24,lo8(8)
 1093               	.L124:
 1094 0616 0E94 0000 		call byteTx
 1095               	.LM238:
 1096 061a 80E0      		ldi r24,lo8(0)
 1097 061c 0E94 0000 		call byteTx
 1098               	.LM239:
 1099 0620 80E0      		ldi r24,lo8(0)
 1100               	.L125:
 1101 0622 0E94 0000 		call byteTx
 1102               	.LM240:
 1103 0626 8BB1      		in r24,43-0x20
 1104 0628 8066      		ori r24,lo8(96)
 1105 062a 8BB9      		out 43-0x20,r24
 1106 062c 21C0      		rjmp .L99
 1107               	.L110:
 1108               	.LM241:
 1109 062e C330      		cpi r28,lo8(3)
 1110 0630 79F4      		brne .L112
 1111               	.LM242:
 1112 0632 8BE8      		ldi r24,lo8(-117)
 1113 0634 0E94 0000 		call byteTx
 1114               	.LM243:
 1115 0638 80E0      		ldi r24,lo8(0)
 1116 063a 0E94 0000 		call byteTx
 1117               	.LM244:
 1118 063e 80E0      		ldi r24,lo8(0)
 1119 0640 0E94 0000 		call byteTx
 1120               	.LM245:
 1121 0644 80E0      		ldi r24,lo8(0)
 1122 0646 0E94 0000 		call byteTx
 1123               	.LM246:
 1124 064a 5E98      		cbi 43-0x20,6
 1125               	.LM247:
 1126 064c 5D9A      		sbi 43-0x20,5
 1127 064e 10C0      		rjmp .L99
 1128               	.L112:
 1129               	.LM248:
 1130 0650 C430      		cpi r28,lo8(4)
 1131 0652 71F4      		brne .L99
 1132               	.L117:
 1133               	.LM249:
 1134 0654 8BE8      		ldi r24,lo8(-117)
 1135 0656 0E94 0000 		call byteTx
 1136               	.LM250:
 1137 065a 80E0      		ldi r24,lo8(0)
 1138 065c 0E94 0000 		call byteTx
 1139               	.LM251:
 1140 0660 80E0      		ldi r24,lo8(0)
 1141 0662 0E94 0000 		call byteTx
 1142               	.LM252:
 1143 0666 80E0      		ldi r24,lo8(0)
 1144 0668 0E94 0000 		call byteTx
 1145               	.LM253:
 1146 066c 5D98      		cbi 43-0x20,5
 1147               	.LM254:
 1148 066e 5E9A      		sbi 43-0x20,6
 1149               	.L99:
 1150               	.LM255:
 1151 0670 84E1      		ldi r24,lo8(20)
 1152 0672 90E0      		ldi r25,hi8(20)
 1153               	.L126:
 1154 0674 0E94 0000 		call delayAndUpdateSensors
 1155 0678 4C9B      		sbis 41-0x20,4
 1156 067a 15C0      		rjmp .L78
 1157 067c 8091 0000 		lds r24,sensors+2
 1158 0680 8823      		tst r24
 1159 0682 89F4      		brne .L78
 1160 0684 8091 0000 		lds r24,sensors+3
 1161 0688 8823      		tst r24
 1162 068a 69F4      		brne .L78
 1163 068c 8091 0000 		lds r24,sensors+4
 1164 0690 8823      		tst r24
 1165 0692 49F4      		brne .L78
 1166 0694 8091 0000 		lds r24,sensors+5
 1167 0698 8823      		tst r24
 1168 069a 29F4      		brne .L78
 1169 069c 2091 0000 		lds r18,sensors+39
 1170 06a0 2223      		tst r18
 1171 06a2 09F4      		brne .+2
 1172 06a4 07CF      		rjmp .L115
 1173               	.L78:
 1174               	.LM256:
 1175 06a6 60E0      		ldi r22,lo8(-32768)
 1176 06a8 70E8      		ldi r23,hi8(-32768)
 1177 06aa 80E0      		ldi r24,lo8(0)
 1178 06ac 90E0      		ldi r25,hi8(0)
 1179 06ae 0E94 0000 		call drive
 1180               	.LM257:
 1181 06b2 84EF      		ldi r24,lo8(500)
 1182 06b4 91E0      		ldi r25,hi8(500)
 1183 06b6 0E94 0000 		call delayAndUpdateSensors
 1184               	.LM258:
 1185 06ba 8DE8      		ldi r24,lo8(-115)
 1186 06bc 0E94 0000 		call byteTx
 1187               	.LM259:
 1188 06c0 83E0      		ldi r24,lo8(3)
 1189 06c2 0E94 0000 		call byteTx
 1190               	.LM260:
 1191 06c6 86E8      		ldi r24,lo8(2438)
 1192 06c8 99E0      		ldi r25,hi8(2438)
 1193 06ca BACE      		rjmp .L121
 1194               	/* epilogue: frame size=0 */
 1195               	/* epilogue: noreturn */
 1196               	/* epilogue end (size=0) */
 1197               	/* function main size 376 (372) */
 1198               	.LFE4:
 1200               	.global	randomAngle
 1202               	randomAngle:
 1203               	.LFB14:
 1204               	.LM261:
 1205               	/* prologue: frame size=0 */
 1206               	/* prologue end (size=0) */
 1207               	.LM262:
 1208 06cc 0E94 0000 		call random
 1209 06d0 DC01      		movw r26,r24
 1210 06d2 CB01      		movw r24,r22
 1211 06d4 9070      		andi r25,hi8(255)
 1212 06d6 9695      		lsr r25
 1213 06d8 8795      		ror r24
 1214               	.LM263:
 1215 06da C596      		adiw r24,53
 1216               	/* epilogue: frame size=0 */
 1217 06dc 0895      		ret
 1218               	/* epilogue end (size=1) */
 1219               	/* function randomAngle size 10 (9) */
 1220               	.LFE14:
 1222               		.comm sensors_in,52,1
 1223               		.comm sensors,52,1
 1224               	.Letext0:
DEFINED SYMBOLS
                            *ABS*:00000000 drive.c
C:\DOCUME~1\Uyen\LOCALS~1\Temp/ccUtaaaa.s:3      *ABS*:0000003f __SREG__
C:\DOCUME~1\Uyen\LOCALS~1\Temp/ccUtaaaa.s:4      *ABS*:0000003e __SP_H__
C:\DOCUME~1\Uyen\LOCALS~1\Temp/ccUtaaaa.s:5      *ABS*:0000003d __SP_L__
C:\DOCUME~1\Uyen\LOCALS~1\Temp/ccUtaaaa.s:6      *ABS*:00000000 __tmp_reg__
C:\DOCUME~1\Uyen\LOCALS~1\Temp/ccUtaaaa.s:7      *ABS*:00000001 __zero_reg__
C:\DOCUME~1\Uyen\LOCALS~1\Temp/ccUtaaaa.s:23     .bss:00000000 angle
C:\DOCUME~1\Uyen\LOCALS~1\Temp/ccUtaaaa.s:29     .bss:00000002 distance
C:\DOCUME~1\Uyen\LOCALS~1\Temp/ccUtaaaa.s:35     .bss:00000004 sensors_index
C:\DOCUME~1\Uyen\LOCALS~1\Temp/ccUtaaaa.s:41     .bss:00000005 sensors_flag
C:\DOCUME~1\Uyen\LOCALS~1\Temp/ccUtaaaa.s:47     .bss:00000006 timer_on
C:\DOCUME~1\Uyen\LOCALS~1\Temp/ccUtaaaa.s:53     .bss:00000007 timer_cnt
C:\DOCUME~1\Uyen\LOCALS~1\Temp/ccUtaaaa.s:58     .text:00000000 initialize
C:\DOCUME~1\Uyen\LOCALS~1\Temp/ccUtaaaa.s:120    .text:00000050 byteTx
C:\DOCUME~1\Uyen\LOCALS~1\Temp/ccUtaaaa.s:141    .text:00000060 defineSongs
C:\DOCUME~1\Uyen\LOCALS~1\Temp/ccUtaaaa.s:292    .text:00000176 drive
C:\DOCUME~1\Uyen\LOCALS~1\Temp/ccUtaaaa.s:336    .text:000001b6 delayAndUpdateSensors
                            *COM*:00000034 sensors_in
                            *COM*:00000034 sensors
C:\DOCUME~1\Uyen\LOCALS~1\Temp/ccUtaaaa.s:422    .text:00000254 __vector_18
C:\DOCUME~1\Uyen\LOCALS~1\Temp/ccUtaaaa.s:474    .text:000002a4 __vector_11
C:\DOCUME~1\Uyen\LOCALS~1\Temp/ccUtaaaa.s:516    .text:000002e4 delayMs
C:\DOCUME~1\Uyen\LOCALS~1\Temp/ccUtaaaa.s:541    .text:000002fe baud
C:\DOCUME~1\Uyen\LOCALS~1\Temp/ccUtaaaa.s:687    .text:000003b4 powerOnRobot
C:\DOCUME~1\Uyen\LOCALS~1\Temp/ccUtaaaa.s:730    .text:000003e0 main
C:\DOCUME~1\Uyen\LOCALS~1\Temp/ccUtaaaa.s:1202   .text:000006cc randomAngle

UNDEFINED SYMBOLS
__do_copy_data
__do_clear_bss
__stack
random
